<?xml version="1.0" encoding="utf-8"?><testsuites><testsuite name="pytest" errors="0" failures="0" skipped="0" tests="39" time="9.253" timestamp="2024-03-18T13:23:57.973380" hostname="fv-az1272-3"><testcase classname="tests.test_cli" name="test_exception" time="0.005" /><testcase classname="tests.test_cli" name="test_docstring" time="0.002" /><testcase classname="tests.test_cli" name="test_cli_call_help" time="0.015" /><testcase classname="tests.test_code" name="test_get_module_var" time="0.014" /><testcase classname="tests.test_code" name="test_set_module_var" time="0.013" /><testcase classname="tests.test_code" name="test_set_module_var_empty_file" time="0.006" /><testcase classname="tests.test_conftest" name="test_resolver" time="0.006" /><testcase classname="tests.test_conftest" name="test_operation_create" time="0.097" /><testcase classname="tests.test_conftest" name="test_operation_dump" time="0.041" /><testcase classname="tests.test_conftest" name="test_operation_clone" time="0.058" /><testcase classname="tests.test_e2e" name="test_master_branch" time="3.147" /><testcase classname="tests.test_e2e" name="test_beta_branch" time="2.352" /><testcase classname="tests.test_exceptions" name="test_abort_exception" time="0.003" /><testcase classname="tests.test_fileos" name="test_rmtree" time="0.005" /><testcase classname="tests.test_fileos" name="test_mkdir" time="0.004" /><testcase classname="tests.test_fileos" name="test_touch" time="0.004" /><testcase classname="tests.test_fileos" name="test_which" time="0.012" /><testcase classname="tests.test_fileos" name="test_loadmod" time="0.006" /><testcase classname="tests.test_fileos" name="test_zextract" time="0.012" /><testcase classname="tests.test_fileos" name="test_backup_unbackup" time="0.006" /><testcase classname="tests.test_scm" name="test_lookup" time="0.038" /><testcase classname="tests.test_scm" name="test_basic_scm_operations" time="0.086" /><testcase classname="tests.test_scm" name="test_handle_remote_and_local_repos" time="0.283" /><testcase classname="tests.test_scm" name="test_detached_head" time="0.083" /><testcase classname="tests.test_script" name="test_add_arguments" time="0.004" /><testcase classname="tests.test_script" name="test_process_options" time="0.030" /><testcase classname="tests.test_script" name="test_main_make_beta" time="0.170" /><testcase classname="tests.test_script" name="test_main_make_release" time="0.168" /><testcase classname="tests.test_text" name="test_indent" time="0.003" /><testcase classname="tests.test_text" name="test_indent_another" time="0.002" /><testcase classname="tests.test_text" name="test_lstrip" time="0.002" /><testcase classname="tests.test_tools" name="test_list_of_paths" time="0.003" /><testcase classname="tests.test_tools" name="test_replace" time="0.023" /><testcase classname="tests.test_tools" name="test_bump_version" time="0.002" /><testcase classname="tests.test_tools" name="test_update_version_master" time="0.094" /><testcase classname="tests.test_tools" name="test_update_version_beta" time="0.170" /><testcase classname="tests.test_tools" name="test_update_version_release" time="0.083" /><testcase classname="tests.test_tools" name="test_get_environment" time="0.102" /><testcase classname="tests.test_tools" name="test_generate_build_record" time="0.010" /></testsuite></testsuites>