<?xml version="1.0" encoding="utf-8"?><testsuites><testsuite name="pytest" errors="0" failures="0" skipped="0" tests="26" time="3.164" timestamp="2024-01-12T17:01:36.050289" hostname="Pawels-MBP-2.fritz.box"><testcase classname="tests.test_router.RouterTestCase" name="test_db_for_read" time="0.032" /><testcase classname="tests.test_router.RouterTestCase" name="test_db_for_write" time="0.001" /><testcase classname="tests.db_introspectors_tests.test_postgres_inspector" name="test_get_table_list" time="0.779" /><testcase classname="tests.utils_tests.test_db_inspector.DBInspectorTestCase" name="test_get_inspector_postgresql" time="0.002" /><testcase classname="tests.utils_tests.test_db_inspector.DBInspectorTestCase" name="test_get_inspector_unsupported_database" time="0.001" /><testcase classname="tests.utils_tests.test_dynamic_model.DynamicModelTestCase" name="test_create_model" time="0.002" /><testcase classname="tests.utils_tests.test_dynamic_serialiser.DynamicSerializerTestCase" name="test_create_serializer" time="0.004" /><testcase classname="tests.utils_tests.test_dynamic_view.TestDynamicView" name="test_create_view" time="0.002" /><testcase classname="tests.utils_tests.test_dynamic_view.TestDynamicView" name="test_create_view_readonly" time="0.001" /><testcase classname="tests.test_schema_sprout" name="test_schema_sprout_init" time="0.704" /><testcase classname="tests.test_schema_sprout" name="test_schema_sprout_create_models" time="0.107" /><testcase classname="tests.test_schema_sprout" name="test_schema_sprout_create_models_read_only" time="0.096" /><testcase classname="tests.test_schema_sprout" name="test_schema_sprout_create_model" time="0.069" /><testcase classname="tests.test_schema_sprout" name="test_schema_sprout_create_same_model_two_times" time="0.078" /><testcase classname="tests.test_schema_sprout" name="test_schema_sprout_create_model_read_only" time="0.073" /><testcase classname="tests.test_schema_sprout" name="test_schema_sprout_create_model_table_permission_denied" time="0.067" /><testcase classname="tests.db_introspectors_tests.test_postgres_inspector" name="test_get_relations" time="0.081" /><testcase classname="tests.db_introspectors_tests.test_postgres_inspector" name="test_get_constraints" time="0.085" /><testcase classname="tests.db_introspectors_tests.test_postgres_inspector" name="test_get_primary_key_column" time="0.084" /><testcase classname="tests.db_introspectors_tests.test_postgres_inspector" name="test_get_primary_key_columns" time="0.084" /><testcase classname="tests.db_introspectors_tests.test_postgres_inspector" name="test_get_table_description" time="0.073" /><testcase classname="tests.db_introspectors_tests.test_postgres_inspector" name="test_get_attributes" time="0.115" /><testcase classname="tests.db_introspectors_tests.test_postgres_inspector" name="test_get_field_type" time="0.001" /><testcase classname="tests.utils_tests.test_singleton_class.SingletonMetaTestCase" name="test_two_initalizations_with_different_args" time="0.001" /><testcase classname="tests.utils_tests.test_singleton_class.SingletonMetaTestCase" name="test_two_initalizations_with_no_args" time="0.001" /><testcase classname="tests.utils_tests.test_singleton_class.SingletonMetaTestCase" name="test_two_initalizations_with_same_args" time="0.399" /></testsuite></testsuites>