<?xml version="1.0" encoding="utf-8"?><testsuites><testsuite name="pytest" errors="0" failures="0" skipped="0" tests="39" time="8.482" timestamp="2024-03-17T19:57:07.938311" hostname="fv-az802-417"><testcase classname="tests.test_cli" name="test_exception" time="0.004" /><testcase classname="tests.test_cli" name="test_docstring" time="0.002" /><testcase classname="tests.test_cli" name="test_cli_call_help" time="0.014" /><testcase classname="tests.test_code" name="test_get_module_var" time="0.013" /><testcase classname="tests.test_code" name="test_set_module_var" time="0.013" /><testcase classname="tests.test_code" name="test_set_module_var_empty_file" time="0.006" /><testcase classname="tests.test_conftest" name="test_resolver" time="0.005" /><testcase classname="tests.test_conftest" name="test_operation_create" time="0.094" /><testcase classname="tests.test_conftest" name="test_operation_dump" time="0.035" /><testcase classname="tests.test_conftest" name="test_operation_clone" time="0.053" /><testcase classname="tests.test_e2e" name="test_master_branch" time="2.580" /><testcase classname="tests.test_e2e" name="test_beta_branch" time="2.294" /><testcase classname="tests.test_exceptions" name="test_abort_exception" time="0.003" /><testcase classname="tests.test_fileos" name="test_rmtree" time="0.005" /><testcase classname="tests.test_fileos" name="test_mkdir" time="0.004" /><testcase classname="tests.test_fileos" name="test_touch" time="0.004" /><testcase classname="tests.test_fileos" name="test_which" time="0.012" /><testcase classname="tests.test_fileos" name="test_loadmod" time="0.006" /><testcase classname="tests.test_fileos" name="test_zextract" time="0.012" /><testcase classname="tests.test_fileos" name="test_backup_unbackup" time="0.006" /><testcase classname="tests.test_scm" name="test_lookup" time="0.037" /><testcase classname="tests.test_scm" name="test_basic_scm_operations" time="0.086" /><testcase classname="tests.test_scm" name="test_handle_remote_and_local_repos" time="0.271" /><testcase classname="tests.test_scm" name="test_detached_head" time="0.086" /><testcase classname="tests.test_script" name="test_add_arguments" time="0.004" /><testcase classname="tests.test_script" name="test_process_options" time="0.029" /><testcase classname="tests.test_script" name="test_main_make_beta" time="0.161" /><testcase classname="tests.test_script" name="test_main_make_release" time="0.160" /><testcase classname="tests.test_text" name="test_indent" time="0.003" /><testcase classname="tests.test_text" name="test_indent_another" time="0.002" /><testcase classname="tests.test_text" name="test_lstrip" time="0.002" /><testcase classname="tests.test_tools" name="test_list_of_paths" time="0.003" /><testcase classname="tests.test_tools" name="test_replace" time="0.022" /><testcase classname="tests.test_tools" name="test_bump_version" time="0.002" /><testcase classname="tests.test_tools" name="test_update_version_master" time="0.071" /><testcase classname="tests.test_tools" name="test_update_version_beta" time="0.148" /><testcase classname="tests.test_tools" name="test_update_version_release" time="0.078" /><testcase classname="tests.test_tools" name="test_get_environment" time="0.100" /><testcase classname="tests.test_tools" name="test_generate_build_record" time="0.010" /></testsuite></testsuites>